3b8d5250-2179-0132-af56-58d385a7b928 44936
3132c590-217a-0132-37ff-58d385a7b928 44935
56050790-2179-0132-b07c-58d385a7b928 44937
164c7660-2179-0132-789c-58d385a7b928 44938
348d7180-2179-0132-9313-58d385a7b928 44939
15390d70-2179-0132-3ffe-58d385a7b928 44940
686f1500-2179-0132-fe70-58d385a7b928 44941
ee487620-2178-0132-71b9-58d385a7b928 44942
f89ec7a0-2179-0132-13ee-58d385a7b928 44943
733bd9d0-2179-0132-56e9-58d385a7b928 44945
f287df40-2178-0132-8a67-58d385a7b928 44944
15c66e00-2179-0132-91f0-58d385a7b928 44951
07c7a190-2179-0132-c8d3-58d385a7b928 44952
08578db0-2179-0132-c33e-58d385a7b928 44954
b45907a0-2173-0132-d964-58d385a7b928 44953
f0ea6e20-2178-0132-b10f-58d385a7b928 44959
0a2a41c0-2179-0132-c0d3-58d385a7b928 44955
0602ee20-2179-0132-3a2e-58d385a7b928 44950
3afdad50-2179-0132-68fa-58d385a7b928 44956
37fd7b60-2179-0132-2c2b-58d385a7b928 44947
51fddf40-2179-0132-17dd-58d385a7b928 44948
16f84820-2179-0132-ec1d-58d385a7b928 44946
53be7470-2179-0132-02a8-58d385a7b928 44957
74e8c290-2179-0132-c11c-58d385a7b928 44949
50d3b310-2179-0132-2ff3-58d385a7b928 44958
89afde00-2197-0132-3ffd-58d385a7bbd0 45000
53143490-2179-0132-c2ea-58d385a7b928 44987
b3ab5d40-2173-0132-ec87-58d385a7b928 44969
8e8a2e30-2197-0132-cfb5-58d385a7bbd0 44971
754d1f10-2197-0132-aa5b-58d385a7bbd0 44973
8b8c86e0-2197-0132-d3f7-58d385a7bbd0 44972
efb0c740-2178-0132-36a5-58d385a7b928 44979
51786b90-2179-0132-651d-58d385a7b928 44978
eefc1360-2178-0132-1edc-58d385a7b928 44975
f03ab6d0-2178-0132-ab70-58d385a7b928 44974
3eb20420-217a-0132-c9d1-58d385a7b928 44976
39c6ddf0-2179-0132-6824-58d385a7b928 44994
edc140d0-2178-0132-3559-58d385a7b928 44980
71292770-2197-0132-9dec-58d385a7bbd0 44990
05346510-2179-0132-873e-58d385a7b928 44983
068fd0d0-2179-0132-a00c-58d385a7b928 44977
558309f0-2179-0132-66c9-58d385a7b928 44996
35a81260-2179-0132-a3c6-58d385a7b928 45001
544c2430-2179-0132-27e7-58d385a7b928 44964
67db8e00-2179-0132-2f80-58d385a7b928 44988
697cc960-2179-0132-8f81-58d385a7b928 44989
68f9c620-2179-0132-1ed2-58d385a7b928 44960
f3351420-2178-0132-54ed-58d385a7b928 44985
54d35950-2179-0132-9402-58d385a7b928 44997
73c6dbb0-2179-0132-e8a8-58d385a7b928 44986
3632c7f0-2179-0132-9616-58d385a7b928 44999
6f164dc0-2197-0132-d114-58d385a7bbd0 44995
528a5900-2179-0132-3926-58d385a7b928 44993
37739cb0-2179-0132-c6b0-58d385a7b928 44967
5693c3d0-2179-0132-1afd-58d385a7b928 44966
57228370-2179-0132-86d5-58d385a7b928 44998
e24179f0-2197-0132-4f44-58d385a7bbd0 45008
585d3d20-2179-0132-7e7d-58d385a7b928 44968
74523ea0-2179-0132-a9aa-58d385a7b928 44992
77866600-2230-0132-fa96-58d385a7bbd0 45006
098e9b30-2179-0132-2fc2-58d385a7b928 44982
f1fb3390-2178-0132-0169-58d385a7b928 44981
ef70bef0-2197-0132-1076-58d385a7bbd0 45002
f2dd9740-2197-0132-1664-58d385a7bbd0 45003
0716b830-2179-0132-3e92-58d385a7b928 44963
b9a47cf0-2230-0132-a891-58d385a7bbd0 45007
e1b9d150-2197-0132-b327-58d385a7bbd0 45011
08e4bd80-2179-0132-c9e4-58d385a7b928 44961
5045f730-2179-0132-2f33-58d385a7b928 44984
e084d560-2197-0132-24c8-58d385a7bbd0 45010
5dca1ff0-217a-0132-0178-58d385a7b928 44962
780fb630-2230-0132-fecc-58d385a7bbd0 45017
f24b2500-2197-0132-490c-58d385a7bbd0 45020
cc05ae10-2230-0132-9d68-58d385a7bbd0 45012
cac78eb0-2230-0132-e166-58d385a7bbd0 45019
cde6c3e0-2230-0132-01ba-58d385a7bbd0 45023
f09148f0-2197-0132-fc2c-58d385a7bbd0 45004
b152d880-2197-0132-e63e-58d385a7bbd0 45005
dfff1820-2197-0132-1bfe-58d385a7bbd0 45009
b86e0a90-2230-0132-65ae-58d385a7bbd0 45014
b69cdcc0-2230-0132-0de9-58d385a7bbd0 45013
cb5f8990-2230-0132-801d-58d385a7bbd0 45022
76f524a0-2230-0132-7ccb-58d385a7bbd0 45016
9c743f30-2230-0132-44fd-58d385a7bbd0 45021
9bdefb00-2230-0132-773e-58d385a7bbd0 45015
9a8500c0-2230-0132-42fe-58d385a7bbd0 45024
759a6f40-2230-0132-c69d-58d385a7bbd0 45018
36b66f30-2179-0132-f64a-58d385a7b928 44965
351c3160-2179-0132-3c47-58d385a7b928 44991
5ca0b4b0-2230-0132-17f1-58d385a7bbd0 45026
45d705c0-2230-0132-681c-58d385a7bbd0 45028
4685cb60-2230-0132-053b-58d385a7bbd0 45027
45343340-2230-0132-4a64-58d385a7bbd0 45025
58ee1720-2230-0132-8ce3-58d385a7bbd0 45030
42c10730-2230-0132-c865-58d385a7bbd0 45031
4356b410-2230-0132-5307-58d385a7bbd0 45033
42171130-2230-0132-a8db-58d385a7bbd0 45029
58513f40-2230-0132-f682-58d385a7bbd0 45032
44966990-2230-0132-4ba7-58d385a7bbd0 45034
f1716b90-2178-0132-b37a-58d385a7b928 45035
3a71cb80-2179-0132-9134-58d385a7b928 45036
57d08900-2179-0132-d2b1-58d385a7b928 45037
3c3fbc30-2179-0132-0fe5-58d385a7b928 45038
3ccd0290-2179-0132-639e-58d385a7b928 45040
727ee480-2179-0132-b51c-58d385a7b928 45041
6fdec410-2197-0132-438e-58d385a7bbd0 45042
8a4140d0-2197-0132-3089-58d385a7bbd0 45043
706cc240-2197-0132-95c8-58d385a7bbd0 45044
8af5eee0-2197-0132-2ab4-58d385a7bbd0 45045
71b9e320-2197-0132-a1d1-58d385a7bbd0 45046
8c10b180-2197-0132-ee45-58d385a7bbd0 45047
724641e0-2197-0132-ba37-58d385a7bbd0 45048
8cc01a80-2197-0132-1d35-58d385a7bbd0 45049
72ef89f0-2197-0132-8698-58d385a7bbd0 45050
8d525b80-2197-0132-868b-58d385a7bbd0 45051
737d4370-2197-0132-0d66-58d385a7bbd0 45052
8df51ac0-2197-0132-4487-58d385a7bbd0 45053
742a66a0-2197-0132-2116-58d385a7bbd0 45054
74ae3070-2197-0132-21cf-58d385a7bbd0 45055
8f1175c0-2197-0132-4d7a-58d385a7bbd0 45056
8f9bead0-2197-0132-3de3-58d385a7bbd0 45057
aaa4c010-2197-0132-af8d-58d385a7bbd0 45058
c5f9f320-2197-0132-7200-58d385a7bbd0 45060
ab2fc6c0-2197-0132-7c22-58d385a7bbd0 45061
c6c1efd0-2197-0132-bb79-58d385a7bbd0 45062
abbb6070-2197-0132-9a8e-58d385a7bbd0 45063
c73dc1b0-2197-0132-f95b-58d385a7bbd0 45064
ac455200-2197-0132-bf06-58d385a7bbd0 45065
c7d16310-2197-0132-150e-58d385a7bbd0 45066
c8592e50-2197-0132-13e6-58d385a7bbd0 45067
ad6159d0-2197-0132-cb11-58d385a7bbd0 45068
c9135480-2197-0132-8cb2-58d385a7bbd0 45069
ade25b70-2197-0132-3a31-58d385a7bbd0 45070
c994edc0-2197-0132-47ff-58d385a7bbd0 45071
ae646370-2197-0132-b04d-58d385a7bbd0 45072
ca1e95b0-2197-0132-e7dc-58d385a7bbd0 45073
caa03620-2197-0132-ef83-58d385a7bbd0 45077
afa94c40-2197-0132-b40e-58d385a7bbd0 45078
cb4b4440-2197-0132-274f-58d385a7bbd0 45079
b028f9b0-2197-0132-f2f7-58d385a7bbd0 45080
cbd60200-2197-0132-d4dc-58d385a7bbd0 45081
b0a69860-2197-0132-4d12-58d385a7bbd0 45082
cc6d48a0-2197-0132-a1dc-58d385a7bbd0 45083
ccf338c0-2197-0132-7a6f-58d385a7bbd0 45084
b1dbb570-2197-0132-3840-58d385a7bbd0 45085
cd8b4880-2197-0132-77fe-58d385a7bbd0 45086
b261fce0-2197-0132-570e-58d385a7bbd0 45087
ce3a9260-2197-0132-d579-58d385a7bbd0 45088
dd9c2fc0-2197-0132-64fc-58d385a7bbd0 45089
de231be0-2197-0132-e515-58d385a7bbd0 45090
eff36c90-2197-0132-0902-58d385a7bbd0 45091
dec8f200-2197-0132-31a3-58d385a7bbd0 45092
df4d7680-2197-0132-0ac6-58d385a7bbd0 45093
f119dc50-2197-0132-95f0-58d385a7bbd0 45094
f19c68a0-2197-0132-7b0f-58d385a7bbd0 45095
e10afdb0-2197-0132-aea9-58d385a7bbd0 45096
f361fc00-2197-0132-1c6d-58d385a7bbd0 45097
f4098650-2197-0132-8a09-58d385a7bbd0 45098
b7533ea0-2230-0132-eedb-58d385a7bbd0 45099
b7ead3d0-2230-0132-57c3-58d385a7bbd0 45100
cc9747f0-2230-0132-8dcd-58d385a7bbd0 45101
b9168ac0-2230-0132-38a8-58d385a7bbd0 45102
cd3718e0-2230-0132-8181-58d385a7bbd0 45103
763bbc00-2230-0132-7c2b-58d385a7bbd0 45104
9b276a90-2230-0132-8ac9-58d385a7bbd0 45105
9d0cfd60-2230-0132-c5dd-58d385a7bbd0 45106
78cd7df0-2230-0132-9685-58d385a7bbd0 45107
9dbe72a0-2230-0132-fb04-58d385a7bbd0 45108
79593730-2230-0132-0051-58d385a7bbd0 45109
9e507f90-2230-0132-e87b-58d385a7bbd0 45110
79f36760-2230-0132-e995-58d385a7bbd0 45111
9ee60490-2230-0132-a349-58d385a7bbd0 45112
7aa7aaa0-2230-0132-1a81-58d385a7bbd0 45113
9fa18100-2230-0132-889c-58d385a7bbd0 45114
7b598f30-2230-0132-892e-58d385a7bbd0 45115
a03f6f30-2230-0132-4682-58d385a7bbd0 45116
7befaf00-2230-0132-5113-58d385a7bbd0 45117
a0e12610-2230-0132-9256-58d385a7bbd0 45118
7cab7160-2230-0132-7650-58d385a7bbd0 45119
a1a3d600-2230-0132-9550-58d385a7bbd0 45120
7d36f610-2230-0132-4b5a-58d385a7bbd0 45121
a240ef00-2230-0132-8ed4-58d385a7bbd0 45122
7dd3b9f0-2230-0132-cacf-58d385a7bbd0 45123
a2e0e390-2230-0132-284f-58d385a7bbd0 45124
7e8d53c0-2230-0132-8211-58d385a7bbd0 45125
a3a22cc0-2230-0132-39f4-58d385a7bbd0 45126
4170e530-2230-0132-0879-58d385a7bbd0 45127
5776cf30-2230-0132-eaf7-58d385a7bbd0 45128
5980f8e0-2230-0132-09d8-58d385a7bbd0 45129
43f22c50-2230-0132-8494-58d385a7bbd0 45130
5a2ea800-2230-0132-3d63-58d385a7bbd0 45132
5ac72fa0-2230-0132-2791-58d385a7bbd0 45133
5b5b7610-2230-0132-85f2-58d385a7bbd0 45134
5c0b3790-2230-0132-dd89-58d385a7bbd0 45135
472c7fe0-2230-0132-0e7d-58d385a7bbd0 45136
5d361e00-2230-0132-5bee-58d385a7bbd0 45137
0998ab00-2230-0132-8be5-58d385a7bbd0 45138
38b00670-2179-0132-bc31-58d385a7b928 45150
acdaa200-2197-0132-89de-58d385a7bbd0 45151
3938f3e0-2179-0132-a518-58d385a7b928 45152
af217b30-2197-0132-2e3e-58d385a7bbd0 45074